<?xml version="1.0" encoding="UTF-8"?>
<!-- Generated by org.testng.reporters.JUnitReportReporter -->
<testsuite skipped="40" hostname="Govind-PC" name="com.amazon.pages.HomePageTests" tests="40" failures="0" timestamp="2020-06-08T03:21:08 IST" time="0.001" errors="0">
  <testcase name="tc_06" time="0.000" classname="com.amazon.pages.HomePageTests">
    <skipped/>
  </testcase> <!-- tc_06 -->
  <testcase name="tc_40" time="0.000" classname="com.amazon.pages.HomePageTests">
    <skipped/>
  </testcase> <!-- tc_40 -->
  <testcase name="tc_27" time="0.000" classname="com.amazon.pages.HomePageTests">
    <skipped/>
  </testcase> <!-- tc_27 -->
  <testcase name="tc_22" time="0.000" classname="com.amazon.pages.HomePageTests">
    <skipped/>
  </testcase> <!-- tc_22 -->
  <testcase name="tc_38" time="0.000" classname="com.amazon.pages.HomePageTests">
    <skipped/>
  </testcase> <!-- tc_38 -->
  <testcase name="tc_32" time="0.000" classname="com.amazon.pages.HomePageTests">
    <skipped/>
  </testcase> <!-- tc_32 -->
  <testcase name="tc_21" time="0.000" classname="com.amazon.pages.HomePageTests">
    <skipped/>
  </testcase> <!-- tc_21 -->
  <testcase name="tc_24" time="0.000" classname="com.amazon.pages.HomePageTests">
    <skipped/>
  </testcase> <!-- tc_24 -->
  <testcase name="tc_02" time="0.000" classname="com.amazon.pages.HomePageTests">
    <skipped/>
  </testcase> <!-- tc_02 -->
  <testcase name="tc_37" time="0.000" classname="com.amazon.pages.HomePageTests">
    <skipped/>
  </testcase> <!-- tc_37 -->
  <testcase name="tc_25" time="0.001" classname="com.amazon.pages.HomePageTests">
    <skipped/>
  </testcase> <!-- tc_25 -->
  <testcase name="tc_05" time="0.000" classname="com.amazon.pages.HomePageTests">
    <skipped/>
  </testcase> <!-- tc_05 -->
  <testcase name="tc_34" time="0.000" classname="com.amazon.pages.HomePageTests">
    <skipped/>
  </testcase> <!-- tc_34 -->
  <testcase name="tc_23" time="0.000" classname="com.amazon.pages.HomePageTests">
    <skipped/>
  </testcase> <!-- tc_23 -->
  <testcase name="tc_07" time="0.000" classname="com.amazon.pages.HomePageTests">
    <skipped/>
  </testcase> <!-- tc_07 -->
  <testcase name="tc_31" time="0.000" classname="com.amazon.pages.HomePageTests">
    <skipped/>
  </testcase> <!-- tc_31 -->
  <testcase name="tc_15" time="0.000" classname="com.amazon.pages.HomePageTests">
    <skipped/>
  </testcase> <!-- tc_15 -->
  <testcase name="tc_20" time="0.000" classname="com.amazon.pages.HomePageTests">
    <skipped/>
  </testcase> <!-- tc_20 -->
  <testcase name="tc_12" time="0.000" classname="com.amazon.pages.HomePageTests">
    <skipped/>
  </testcase> <!-- tc_12 -->
  <testcase name="tc_10" time="0.000" classname="com.amazon.pages.HomePageTests">
    <skipped/>
  </testcase> <!-- tc_10 -->
  <testcase name="tc_36" time="0.000" classname="com.amazon.pages.HomePageTests">
    <skipped/>
  </testcase> <!-- tc_36 -->
  <testcase name="tc_11" time="0.000" classname="com.amazon.pages.HomePageTests">
    <skipped/>
  </testcase> <!-- tc_11 -->
  <testcase name="tc_01" time="0.000" classname="com.amazon.pages.HomePageTests">
    <skipped/>
  </testcase> <!-- tc_01 -->
  <testcase name="tc_03" time="0.000" classname="com.amazon.pages.HomePageTests">
    <skipped/>
  </testcase> <!-- tc_03 -->
  <testcase name="tc_35" time="0.000" classname="com.amazon.pages.HomePageTests">
    <skipped/>
  </testcase> <!-- tc_35 -->
  <testcase name="tc_26" time="0.000" classname="com.amazon.pages.HomePageTests">
    <skipped/>
  </testcase> <!-- tc_26 -->
  <testcase name="tc_14" time="0.000" classname="com.amazon.pages.HomePageTests">
    <skipped/>
  </testcase> <!-- tc_14 -->
  <testcase name="tc_16" time="0.000" classname="com.amazon.pages.HomePageTests">
    <skipped/>
  </testcase> <!-- tc_16 -->
  <testcase name="tc_18" time="0.000" classname="com.amazon.pages.HomePageTests">
    <skipped/>
  </testcase> <!-- tc_18 -->
  <testcase name="tc_17" time="0.000" classname="com.amazon.pages.HomePageTests">
    <skipped/>
  </testcase> <!-- tc_17 -->
  <testcase name="tc_09" time="0.000" classname="com.amazon.pages.HomePageTests">
    <skipped/>
  </testcase> <!-- tc_09 -->
  <testcase name="tc_29" time="0.000" classname="com.amazon.pages.HomePageTests">
    <skipped/>
  </testcase> <!-- tc_29 -->
  <testcase name="tc_08" time="0.000" classname="com.amazon.pages.HomePageTests">
    <skipped/>
  </testcase> <!-- tc_08 -->
  <testcase name="tc_04" time="0.000" classname="com.amazon.pages.HomePageTests">
    <skipped/>
  </testcase> <!-- tc_04 -->
  <testcase name="tc_28" time="0.000" classname="com.amazon.pages.HomePageTests">
    <skipped/>
  </testcase> <!-- tc_28 -->
  <testcase name="tc_30" time="0.000" classname="com.amazon.pages.HomePageTests">
    <skipped/>
  </testcase> <!-- tc_30 -->
  <testcase name="tc_13" time="0.000" classname="com.amazon.pages.HomePageTests">
    <skipped/>
  </testcase> <!-- tc_13 -->
  <testcase name="tc_33" time="0.000" classname="com.amazon.pages.HomePageTests">
    <skipped/>
  </testcase> <!-- tc_33 -->
  <testcase name="tc_19" time="0.000" classname="com.amazon.pages.HomePageTests">
    <skipped/>
  </testcase> <!-- tc_19 -->
  <testcase name="tc_39" time="0.000" classname="com.amazon.pages.HomePageTests">
    <skipped/>
  </testcase> <!-- tc_39 -->
</testsuite> <!-- com.amazon.pages.HomePageTests -->
